------------------------------------------------------------------------------------------------------------------------------------------------------------------------------------
      name:  sim6
       log:  U:\Stata\Ado\Devel\gmatch\sims/sim6/logfile.log
  log type:  text
 opened on:  29 Jan 2019, 13:55:34

. 
. *! $Id: sim6.do,v ce3e4db16024 2019/01/29 18:40:28 kkranker $
. *! BPO CBPS Simulation
. // Refining the Simulation -- add nois in one of the confounders
. //
. *! By Keith Kranker
. // Last updated $Date: 2019/01/29 18:40:28 $
. //
. // Copyright (C) Mathematica Policy Research, Inc.
. // This code cannot be copied, distributed or used without the express written
. // permission of Mathematica Policy Research, Inc.
. mac list _sim
_sim:           6

. 
. // DGP is saved in a separate .ado file
. adopath ++ "./sims"
  [1]              "./sims"
  [2]  (BASE)      "C:\Program Files (x86)\Stata15\ado\base/"
  [3]  (SITE)      "C:\Program Files (x86)\Stata15\ado\site/"
  [4]              "."
  [5]  (PERSONAL)  "U:\Stata\Ado\personal/"
  [6]  (PLUS)      "U:\Stata\Ado\plus/"
  [7]  (OLDPLACE)  "C:\Users\kkranker\Documents\Stata\Ado/"
  [8]              "U:\Stata\Ado\personal"
  [9]              "U:\Stata\Ado\plus"
  [10]             "U:\Stata\Stata-Common-Code"
  [11]             "C:\Users\kkranker\Documents\Stata\Stata-Common-Code"

. which dgp_ssbgc
./sims\dgp_ssbgc.ado
*! $Id: dgp_ssbgc.ado,v ce3e4db16024 2019/01/29 18:40:28 kkranker $
*! Data generating processe (DGP) senarios A through G from Setoguchi et al. (2008)
*! By Keith Kranker

. which onerep
./sims\onerep.ado
*! $Id: onerep.ado,v 594f9e1b503b 2019/01/25 18:34:41 kkranker $
*! One replication of the Simulations
*! By Keith Kranker

. which sim_reshape
./sims\sim_reshape.ado
*! $Id: sim_reshape.ado,v ce3e4db16024 2019/01/29 18:40:28 kkranker $
*! Reshapes the outpute from simmulate: from wide to tall
*! By Keith Kranker

. 
. // options
. parallel setclusters `=min(6, c(processors_max)-1)'
N Clusters: 6
Stata dir:  C:\Program Files (x86)\Stata15/StataMP-64.exe

. local commonopts atet vce(robust) iter(80) cformat(%9.3fc) pformat(%5.3f) sformat(%7.3f) pooledvariance

. 
. // control simulations
. set seed `sim'  //  1 for simulation 1, 2 for simulation 2, etc.

. local reps 400

. set matsize 5000

. 
. 
. // ------------------------------------------------------------------------
. // A Variouis estmators with impact = -.09, N=400 - DGP G versus K
. // ------------------------------------------------------------------------
. 
. local subsection A

. 
. onerep G K, impact(-0.09) n(400) ///
>   estimators(cbps) cvtargets(99 85 50) `commonopts' histogram
(obs 400)
(0 observations deleted)



--------------------
G_1
--------------------
Scenario: G
Impact:   -.09
N:        400
--------------------




G_1 with estimator: cbps 



  196 control obs
  204 treatment obs
  (Data are unweighted.)
  Step 1 (initial values from logit model):
initial:       f(p) = -277.25887
alternative:   f(p) = -287.63079
rescale:       f(p) =  -277.1827
Iteration 0:   f(p) =  -277.1827  
Iteration 1:   f(p) = -236.44354  
Iteration 2:   f(p) = -236.26865  
Iteration 3:   f(p) = -236.26847  
Iteration 4:   f(p) = -236.26847  
  
  Step 2 (CBPS) :
Iteration 0:   f(p) =  1.470e-07  
Iteration 1:   f(p) =  4.240e-08  
Iteration 2:   f(p) =  3.688e-08  
Iteration 3:   f(p) =  1.437e-08  
Iteration 4:   f(p) =  8.534e-09  
Iteration 5:   f(p) =  6.941e-09  
Iteration 6:   f(p) =  5.354e-09  
Iteration 7:   f(p) =  3.394e-09  
Iteration 8:   f(p) =  2.613e-09  
Iteration 9:   f(p) =  2.021e-09  
Iteration 10:  f(p) =  1.162e-09  
Iteration 11:  f(p) =  8.752e-10  
Iteration 12:  f(p) =  6.899e-10  
Iteration 13:  f(p) =  5.668e-10  
Iteration 14:  f(p) =  2.985e-10  
Iteration 15:  f(p) =  1.607e-10  
Iteration 16:  f(p) =  1.044e-10  
Iteration 17:  f(p) =  9.079e-11  
Iteration 18:  f(p) =  5.849e-11  
Iteration 19:  f(p) =  4.017e-11  
Iteration 20:  f(p) =  3.778e-11  
Iteration 21:  f(p) =  2.352e-11  
Iteration 22:  f(p) =  1.295e-11  
Iteration 23:  f(p) =  1.108e-11  
Iteration 24:  f(p) =  2.718e-12  
Iteration 25:  f(p) =  3.997e-14  
Iteration 26:  f(p) =  1.446e-16  
Iteration 27:  f(p) =  3.674e-20  

Propensity score model coefficients                Number of obs  =        400
Generalization of IPW/CPBS-type reweigting
Loss = CBPS
------------------------------------------------------------------------------
           a |      Coef.
-------------+----------------------------------------------------------------
          w1 |      1.164
          w2 |     -0.020
          w3 |      1.243
          w4 |     -0.386
          w5 |     -0.460
          w6 |     -0.670
          w7 |      0.781
          w8 |     -0.108
          w9 |      0.216
         w10 |     -0.006
       _cons |     -0.660
------------------------------------------------------------------------------

New variables (unweighted summary statistics)

Summary for variables: _weight _weight_mtch _pscore
     by categories of: _treated 

_treated |         N      mean        sd       min        p1       p10       p25       p50       p75       p90       p99       max
---------+------------------------------------------------------------------------------------------------------------------------
       0 |       196         1      1.19     .0551     .0671      .137      .257      .629      1.24      2.22      7.44      8.59
         |       196         1      1.19     .0551     .0671      .137      .257      .629      1.24      2.22      7.44      8.59
         |       196      .403      .213     .0543     .0653      .125      .211      .395      .563      .698      .886      .899
---------+------------------------------------------------------------------------------------------------------------------------
       1 |       204         1         0         1         1         1         1         1         1         1         1         1
         |       204         1         0         1         1         1         1         1         1         1         1         1
         |       204       .61      .236     .0101     .0662      .263      .464       .66      .803      .882      .957      .986
---------+------------------------------------------------------------------------------------------------------------------------
   Total |       400         1      .835     .0551     .0899      .222      .642         1         1      1.37      4.36      8.59
         |       400         1      .835     .0551     .0899      .222      .642         1         1      1.37      4.36      8.59
         |       400      .508      .247     .0101     .0658      .152      .305      .518      .715      .835      .943      .986
----------------------------------------------------------------------------------------------------------------------------------
(sum of wgt is 400)
------------------------------------------------------------------------------
             |               Robust
           y |      Coef.   Std. Err.      t    P>|t|     [95% Conf. Interval]
-------------+----------------------------------------------------------------
           a |
  Treatment  |     -0.090      0.091   -0.992   0.322       -0.268       0.088
       _cons |     -3.742      0.075  -49.612   0.000       -3.890      -3.594
------------------------------------------------------------------------------
  16.66 percent power to detect an effect of -.09, assuming a standard error of .0906953 and a 2-sided test and alpha = .05

 ( 1)  1.a = 0

------------------------------------------------------------------------------
           y |      Coef.   Std. Err.      t    P>|t|     [95% Conf. Interval]
-------------+----------------------------------------------------------------
         (1) |       -.09   .0906953    -0.99   0.322    -.2683018    .0883019
------------------------------------------------------------------------------
  Balance:
-------------------------------------------------------------------------------
             |    mean_T     mean_C       diff   std_diff    sd_pool  var_ratio
-------------+-----------------------------------------------------------------
          w1 |  .6078431   .6078431   6.52e-09   1.33e-08   .4888428   .9997989
          w2 | -.1487426  -.1487426   3.06e-09   2.84e-09   1.074619   .7774423
          w3 |  .5833333   .5833334  -1.96e-08  -3.98e-08   .4936241   .9997989
          w4 | -.1767648  -.1767647  -8.69e-08  -8.36e-08   1.039328   .4664829
          w5 |  .4705882   .4705882   1.34e-09   2.69e-09   .4997593   .9997989
          w6 |  .4313725   .4313726  -3.38e-08  -6.82e-08   .4958881   .9997989
          w7 |  .1972432   .1972432  -3.75e-10  -3.72e-10   1.009153   2.529163
          w8 |   .504902    .504902  -2.14e-09  -4.28e-09   .5006021   .9997989
          w9 |  .4362745   .4362745  -9.95e-09  -2.00e-08   .4965435   .9997989
         w10 | -.0495533  -.0495533  -1.97e-08  -1.98e-08   .9931407   1.109475
-------------------------------------------------------------------------------
  
  Mean standardized diff., squared
  4.72043e-16
  Mean absolute standardized diff.
  2.54992e-08
  Maximum absolute standardized diff.
  8.35955e-08
  C.V. of matching weights:
  .834623138
  S.D. of matching weights:
  .834623138
  Skewness of matching weights:
  .2150781633
  Kurtosis of matching weights:
  .0783738585
  Maximum matching weight:
  8.592213166
_cvcbps:        .8346231379965998


G_1 with estimator: cbps99 
CV target: cvtarget(20  0.8263 6)



  196 control obs
  204 treatment obs
  (Data are unweighted.)
  Step 1 skipped (initial values provided by user):
  
  Step 2 (CBPS) :
Iteration 0:   f(p) =  .04934955  
Iteration 1:   f(p) =  .00005976  
Iteration 2:   f(p) =  1.926e-07  
Iteration 3:   f(p) =  1.780e-07  
Iteration 4:   f(p) =  1.747e-07  
Iteration 5:   f(p) =  1.747e-07  
Iteration 6:   f(p) =  1.747e-07  
Iteration 7:   f(p) =  1.747e-07  
Iteration 8:   f(p) =  1.746e-07  
Iteration 9:   f(p) =  1.740e-07  
Iteration 10:  f(p) =  1.044e-07  
Iteration 11:  f(p) =  1.044e-07  
Iteration 12:  f(p) =  1.043e-07  
Iteration 13:  f(p) =  1.043e-07  
Iteration 14:  f(p) =  1.037e-07  
Iteration 15:  f(p) =  1.036e-07  
Iteration 16:  f(p) =  1.035e-07  
Iteration 17:  f(p) =  1.035e-07  
Iteration 18:  f(p) =  1.035e-07  
Iteration 19:  f(p) =  1.035e-07  
Iteration 20:  f(p) =  1.034e-07  
Iteration 21:  f(p) =  1.023e-07  
Iteration 22:  f(p) =  6.692e-08  
Iteration 23:  f(p) =  5.802e-08  
Iteration 24:  f(p) =  4.207e-08  
Iteration 25:  f(p) =  3.768e-08  
Iteration 26:  f(p) =  3.755e-08  
Iteration 27:  f(p) =  3.738e-08  
Iteration 28:  f(p) =  3.738e-08  
Iteration 29:  f(p) =  3.737e-08  
Iteration 30:  f(p) =  3.737e-08  
Iteration 31:  f(p) =  3.737e-08  
Iteration 32:  f(p) =  3.735e-08  
Iteration 33:  f(p) =  3.673e-08  
Iteration 34:  f(p) =  2.777e-08  
Iteration 35:  f(p) =  2.617e-08  
Iteration 36:  f(p) =  2.406e-08  
Iteration 37:  f(p) =  2.393e-08  
Iteration 38:  f(p) =  2.379e-08  
Iteration 39:  f(p) =  2.378e-08  
Iteration 40:  f(p) =  2.378e-08  
Iteration 41:  f(p) =  2.378e-08  
Iteration 42:  f(p) =  2.378e-08  
Iteration 43:  f(p) =  2.378e-08  
Iteration 44:  f(p) =  2.375e-08  
Iteration 45:  f(p) =  2.038e-08  
Iteration 46:  f(p) =  1.864e-08  
Iteration 47:  f(p) =  1.852e-08  
Iteration 48:  f(p) =  1.851e-08  
Iteration 49:  f(p) =  1.851e-08  
Iteration 50:  f(p) =  1.851e-08  
Iteration 51:  f(p) =  1.851e-08  
Iteration 52:  f(p) =  1.851e-08  
Iteration 53:  f(p) =  1.851e-08  
Iteration 54:  f(p) =  1.850e-08  
Iteration 55:  f(p) =  1.828e-08  
Iteration 56:  f(p) =  1.762e-08  
Iteration 57:  f(p) =  1.761e-08  
Iteration 58:  f(p) =  1.761e-08  
Iteration 59:  f(p) =  1.761e-08  
Iteration 60:  f(p) =  1.761e-08  
Iteration 61:  f(p) =  1.759e-08  
Iteration 62:  f(p) =  1.714e-08  
Iteration 63:  f(p) =  1.651e-08  
Iteration 64:  f(p) =  1.646e-08  
Iteration 65:  f(p) =  1.646e-08  
Iteration 66:  f(p) =  1.646e-08  
Iteration 67:  f(p) =  1.646e-08  
Iteration 68:  f(p) =  1.646e-08  
Iteration 69:  f(p) =  1.645e-08  
Iteration 70:  f(p) =  1.635e-08  
Iteration 71:  f(p) =  1.610e-08  
Iteration 72:  f(p) =  1.607e-08  
Iteration 73:  f(p) =  1.607e-08  
Iteration 74:  f(p) =  1.607e-08  
Iteration 75:  f(p) =  1.607e-08  
Iteration 76:  f(p) =  1.607e-08  
Iteration 77:  f(p) =  1.607e-08  
Iteration 78:  f(p) =  1.607e-08  
Iteration 79:  f(p) =  1.607e-08  
Iteration 80:  f(p) =  1.607e-08  
convergence not achieved

Propensity score model coefficients                Number of obs  =        400
Generalization of IPW/CPBS-type reweigting
Loss = CBPS + 20*abs(wgt_cv()-.8262769066166)^6)
------------------------------------------------------------------------------
           a |      Coef.
-------------+----------------------------------------------------------------
          w1 |      0.877
          w2 |     -0.067
          w3 |      0.937
          w4 |     -0.307
          w5 |     -0.256
          w6 |     -0.371
          w7 |      0.445
          w8 |     -0.066
          w9 |      0.064
         w10 |     -0.033
       _cons |     -0.568
------------------------------------------------------------------------------

New variables (unweighted summary statistics)

Summary for variables: _weight _weight_mtch _pscore
     by categories of: _treated 

_treated |         N      mean        sd       min        p1       p10       p25       p50       p75       p90       p99       max
---------+------------------------------------------------------------------------------------------------------------------------
       0 |       196         1      .842       .17       .17      .269      .409       .75      1.28      2.01      4.87      6.14
         |       196         1      .842       .17       .17      .269      .409       .75      1.28      2.01      4.87      6.14
         |       196      .422      .167      .137      .137        .2      .276      .411      .543      .652       .82      .851
---------+------------------------------------------------------------------------------------------------------------------------
       1 |       204         1         0         1         1         1         1         1         1         1         1         1
         |       204         1         0         1         1         1         1         1         1         1         1         1
         |       204      .586      .179     .0448      .134      .329      .474      .613       .72      .798      .877      .933
---------+------------------------------------------------------------------------------------------------------------------------
   Total |       400         1      .588       .17      .195      .373      .764         1         1      1.43      3.36      6.14
         |       400         1      .588       .17      .195      .373      .764         1         1      1.43      3.36      6.14
         |       400      .505      .191     .0448      .137       .23      .371      .514      .659      .752      .868      .933
----------------------------------------------------------------------------------------------------------------------------------
(sum of wgt is 400)
------------------------------------------------------------------------------
             |               Robust
           y |      Coef.   Std. Err.      t    P>|t|     [95% Conf. Interval]
-------------+----------------------------------------------------------------
           a |
  Treatment  |     -0.089      0.084   -1.064   0.288       -0.254       0.076
       _cons |     -3.743      0.067  -55.705   0.000       -3.875      -3.610
------------------------------------------------------------------------------
  18.72 percent power to detect an effect of -.09, assuming a standard error of .0839703 and a 2-sided test and alpha = .05

 ( 1)  1.a = 0

------------------------------------------------------------------------------
           y |      Coef.   Std. Err.      t    P>|t|     [95% Conf. Interval]
-------------+----------------------------------------------------------------
         (1) |  -.0893269   .0839703    -1.06   0.288    -.2544078    .0757539
------------------------------------------------------------------------------
  Balance:
-------------------------------------------------------------------------------
             |    mean_T     mean_C       diff   std_diff    sd_pool  var_ratio
-------------+-----------------------------------------------------------------
          w1 |  .6078431   .5766561    .031187   .0633918    .491973   .9762337
          w2 | -.1487426  -.1146427  -.0340999  -.0318483   1.070697   .7881924
          w3 |  .5833333   .5367822   .0465512   .0936747    .496945   .9773157
          w4 | -.1767648  -.1164808  -.0602841  -.0584881   1.030707   .4788351
          w5 |  .4705882   .4852317  -.0146434  -.0292792   .5001308   .9972094
          w6 |  .4313725   .4647613  -.0333887  -.0670613   .4978834   .9858607
          w7 |  .1972432   .0523951    .144848   .1435443   1.009082   2.578834
          w8 |   .504902   .5046118   .0002901   .0005795   .5006035   .9997879
          w9 |  .4362745   .4412373  -.0049628  -.0099885   .4968503   .9973338
         w10 | -.0495533  -.0488519  -.0007015  -.0007012   1.000432   1.075324
-------------------------------------------------------------------------------
  
  Mean standardized diff., squared
  .0001077936
  Mean absolute standardized diff.
  .0498556886
  Maximum absolute standardized diff.
  .1435443128
  C.V. of matching weights:
  .5882976052
  S.D. of matching weights:
  .5882976052
  Skewness of matching weights:
  .1725270422
  Kurtosis of matching weights:
  .0606084543
  Maximum matching weight:
  6.14411303


G_1 with estimator: cbps85 
CV target: cvtarget(20  0.7094 6)



  196 control obs
  204 treatment obs
  (Data are unweighted.)
  Step 1 skipped (initial values provided by user):
  
  Step 2 (CBPS) :
Iteration 0:   f(p) =  .25852888  
Iteration 1:   f(p) =  .00347048  
Iteration 2:   f(p) =  1.299e-07  
Iteration 3:   f(p) =  9.252e-08  
Iteration 4:   f(p) =  9.170e-08  
Iteration 5:   f(p) =  9.169e-08  
Iteration 6:   f(p) =  9.169e-08  
Iteration 7:   f(p) =  9.168e-08  
Iteration 8:   f(p) =  8.958e-08  
Iteration 9:   f(p) =  6.126e-08  
Iteration 10:  f(p) =  6.104e-08  
Iteration 11:  f(p) =  6.103e-08  
Iteration 12:  f(p) =  6.103e-08  
Iteration 13:  f(p) =  6.102e-08  
Iteration 14:  f(p) =  6.098e-08  
Iteration 15:  f(p) =  5.980e-08  
Iteration 16:  f(p) =  5.201e-08  
Iteration 17:  f(p) =  4.723e-08  
Iteration 18:  f(p) =  4.666e-08  
Iteration 19:  f(p) =  4.627e-08  
Iteration 20:  f(p) =  4.626e-08  
Iteration 21:  f(p) =  4.626e-08  
Iteration 22:  f(p) =  4.626e-08  
Iteration 23:  f(p) =  4.626e-08  
Iteration 24:  f(p) =  4.620e-08  
Iteration 25:  f(p) =  4.545e-08  
Iteration 26:  f(p) =  4.063e-08  
Iteration 27:  f(p) =  3.799e-08  
Iteration 28:  f(p) =  3.745e-08  
Iteration 29:  f(p) =  3.740e-08  
Iteration 30:  f(p) =  3.740e-08  
Iteration 31:  f(p) =  3.740e-08  
Iteration 32:  f(p) =  3.740e-08  
Iteration 33:  f(p) =  3.739e-08  
Iteration 34:  f(p) =  3.709e-08  
Iteration 35:  f(p) =  3.483e-08  
Iteration 36:  f(p) =  3.221e-08  
Iteration 37:  f(p) =  3.152e-08  
Iteration 38:  f(p) =  3.131e-08  
Iteration 39:  f(p) =  3.130e-08  
Iteration 40:  f(p) =  3.130e-08  
Iteration 41:  f(p) =  3.130e-08  
Iteration 42:  f(p) =  3.130e-08  
Iteration 43:  f(p) =  3.130e-08  
Iteration 44:  f(p) =  3.130e-08  
Iteration 45:  f(p) =  3.129e-08  
Iteration 46:  f(p) =  3.115e-08  
Iteration 47:  f(p) =  3.045e-08  
Iteration 48:  f(p) =  3.003e-08  
Iteration 49:  f(p) =  2.998e-08  
Iteration 50:  f(p) =  2.998e-08  
Iteration 51:  f(p) =  2.998e-08  
Iteration 52:  f(p) =  2.998e-08  
Iteration 53:  f(p) =  2.998e-08  
Iteration 54:  f(p) =  2.998e-08  
Iteration 55:  f(p) =  2.998e-08  
Iteration 56:  f(p) =  2.976e-08  
Iteration 57:  f(p) =  2.922e-08  
Iteration 58:  f(p) =  2.916e-08  
Iteration 59:  f(p) =  2.916e-08  
Iteration 60:  f(p) =  2.916e-08  
Iteration 61:  f(p) =  2.916e-08  
Iteration 62:  f(p) =  2.916e-08  
Iteration 63:  f(p) =  2.916e-08  
Iteration 64:  f(p) =  2.911e-08  
Iteration 65:  f(p) =  2.897e-08  
Iteration 66:  f(p) =  2.893e-08  
Iteration 67:  f(p) =  2.893e-08  
Iteration 68:  f(p) =  2.893e-08  
Iteration 69:  f(p) =  2.893e-08  
Iteration 70:  f(p) =  2.893e-08  
Iteration 71:  f(p) =  2.893e-08  
Iteration 72:  f(p) =  2.893e-08  
Iteration 73:  f(p) =  2.893e-08  
Iteration 74:  f(p) =  2.893e-08  
Iteration 75:  f(p) =  2.893e-08  
Iteration 76:  f(p) =  2.893e-08  
Iteration 77:  f(p) =  2.893e-08  
Iteration 78:  f(p) =  2.893e-08  
Iteration 79:  f(p) =  2.893e-08  
Iteration 80:  f(p) =  2.893e-08  
convergence not achieved

Propensity score model coefficients                Number of obs  =        400
Generalization of IPW/CPBS-type reweigting
Loss = CBPS + 20*abs(wgt_cv()-.7094296672971)^6)
------------------------------------------------------------------------------
           a |      Coef.
-------------+----------------------------------------------------------------
          w1 |      0.772
          w2 |     -0.082
          w3 |      0.821
          w4 |     -0.278
          w5 |     -0.199
          w6 |     -0.273
          w7 |      0.333
          w8 |     -0.055
          w9 |      0.023
         w10 |     -0.041
       _cons |     -0.550
------------------------------------------------------------------------------

New variables (unweighted summary statistics)

Summary for variables: _weight _weight_mtch _pscore
     by categories of: _treated 

_treated |         N      mean        sd       min        p1       p10       p25       p50       p75       p90       p99       max
---------+------------------------------------------------------------------------------------------------------------------------
       0 |       196         1      .725      .211      .228      .333      .486      .782      1.27      1.94      4.11      5.24
         |       196         1      .725      .211      .228      .333      .486      .782      1.27      1.94      4.11      5.24
         |       196      .425      .149      .158      .168      .228      .302       .41      .531      .633      .785      .824
---------+------------------------------------------------------------------------------------------------------------------------
       1 |       204         1         0         1         1         1         1         1         1         1         1         1
         |       204         1         0         1         1         1         1         1         1         1         1         1
         |       204      .569      .156     .0715      .168      .348      .467      .589      .681      .764      .829       .89
---------+------------------------------------------------------------------------------------------------------------------------
   Total |       400         1      .507      .211      .257      .434      .813         1         1      1.41      3.03      5.24
         |       400         1      .507      .211      .257      .434      .813         1         1      1.41      3.03      5.24
         |       400      .498      .169     .0715      .168      .252      .374      .507      .632       .72      .825       .89
----------------------------------------------------------------------------------------------------------------------------------
(sum of wgt is 400)
------------------------------------------------------------------------------
             |               Robust
           y |      Coef.   Std. Err.      t    P>|t|     [95% Conf. Interval]
-------------+----------------------------------------------------------------
           a |
  Treatment  |     -0.086      0.082   -1.038   0.300       -0.248       0.077
       _cons |     -3.746      0.065  -57.377   0.000       -3.875      -3.618
------------------------------------------------------------------------------
  19.25 percent power to detect an effect of -.09, assuming a standard error of .0824629 and a 2-sided test and alpha = .05

 ( 1)  1.a = 0

------------------------------------------------------------------------------
           y |      Coef.   Std. Err.      t    P>|t|     [95% Conf. Interval]
-------------+----------------------------------------------------------------
         (1) |   -.085617   .0824629    -1.04   0.300    -.2477343    .0765003
------------------------------------------------------------------------------
  Balance:
-------------------------------------------------------------------------------
             |    mean_T     mean_C       diff   std_diff    sd_pool  var_ratio
-------------+-----------------------------------------------------------------
          w1 |  .6078431   .5630523   .0447909   .0908199   .4931836   .9686922
          w2 | -.1487426  -.0973128  -.0514298  -.0480381   1.070605   .7889054
          w3 |  .5833333   .5170259   .0663074   .1331391   .4980312   .9731551
          w4 | -.1767648  -.0883791  -.0883857   -.086008   1.027645   .4838553
          w5 |  .4705882   .4898425  -.0192543  -.0384911   .5002264   .9967508
          w6 |  .4313725   .4778865  -.0465139  -.0933043   .4985182   .9828864
          w7 |  .1972432   .0024476   .1947956    .192867       1.01   2.601528
          w8 |   .504902   .5018598   .0030422   .0060769   .5006145   .9997167
          w9 |  .4362745   .4449787  -.0087042  -.0175109   .4970736   .9956147
         w10 | -.0495533  -.0470323   -.002521  -.0025145   1.002575   1.065642
-------------------------------------------------------------------------------
  
  Mean standardized diff., squared
  .0001877884
  Mean absolute standardized diff.
  .0708769702
  Maximum absolute standardized diff.
  .1928669834
  C.V. of matching weights:
  .5071225384
  S.D. of matching weights:
  .5071225384
  Skewness of matching weights:
  .1534775102
  Kurtosis of matching weights:
  .0521990846
  Maximum matching weight:
  5.243787016


G_1 with estimator: cbps50 
CV target: cvtarget(20  0.4173 6)



  196 control obs
  204 treatment obs
  (Data are unweighted.)
  Step 1 skipped (initial values provided by user):
  
  Step 2 (CBPS) :
Iteration 0:   f(p) =  4.3862977  
Iteration 1:   f(p) =  .75075887  (backed up)
Iteration 2:   f(p) =  .33419307  
Iteration 3:   f(p) =  .02282875  
Iteration 4:   f(p) =  3.924e-07  
Iteration 5:   f(p) =  2.805e-07  
Iteration 6:   f(p) =  2.773e-07  
Iteration 7:   f(p) =  2.764e-07  
Iteration 8:   f(p) =  2.763e-07  
Iteration 9:   f(p) =  2.763e-07  
Iteration 10:  f(p) =  2.763e-07  
Iteration 11:  f(p) =  2.763e-07  
Iteration 12:  f(p) =  2.314e-07  
Iteration 13:  f(p) =  2.219e-07  
Iteration 14:  f(p) =  2.180e-07  
Iteration 15:  f(p) =  1.995e-07  
Iteration 16:  f(p) =  1.829e-07  
Iteration 17:  f(p) =  1.776e-07  
Iteration 18:  f(p) =  1.769e-07  
Iteration 19:  f(p) =  1.768e-07  
Iteration 20:  f(p) =  1.768e-07  
Iteration 21:  f(p) =  1.768e-07  
Iteration 22:  f(p) =  1.768e-07  
Iteration 23:  f(p) =  1.768e-07  
Iteration 24:  f(p) =  1.767e-07  
Iteration 25:  f(p) =  1.724e-07  
Iteration 26:  f(p) =  1.664e-07  
Iteration 27:  f(p) =  1.630e-07  
Iteration 28:  f(p) =  1.593e-07  
Iteration 29:  f(p) =  1.575e-07  
Iteration 30:  f(p) =  1.574e-07  
Iteration 31:  f(p) =  1.574e-07  
Iteration 32:  f(p) =  1.574e-07  
Iteration 33:  f(p) =  1.574e-07  
Iteration 34:  f(p) =  1.574e-07  
Iteration 35:  f(p) =  1.574e-07  
Iteration 36:  f(p) =  1.574e-07  
Iteration 37:  f(p) =  1.566e-07  
Iteration 38:  f(p) =  1.446e-07  
Iteration 39:  f(p) =  1.287e-07  
Iteration 40:  f(p) =  1.250e-07  
Iteration 41:  f(p) =  1.211e-07  
Iteration 42:  f(p) =  1.201e-07  
Iteration 43:  f(p) =  1.199e-07  
Iteration 44:  f(p) =  1.199e-07  
Iteration 45:  f(p) =  1.199e-07  
Iteration 46:  f(p) =  1.199e-07  
Iteration 47:  f(p) =  1.199e-07  
Iteration 48:  f(p) =  1.199e-07  
Iteration 49:  f(p) =  1.199e-07  
Iteration 50:  f(p) =  1.198e-07  
Iteration 51:  f(p) =  1.195e-07  
Iteration 52:  f(p) =  1.077e-07  
Iteration 53:  f(p) =  1.058e-07  
Iteration 54:  f(p) =  1.052e-07  
Iteration 55:  f(p) =  1.051e-07  
Iteration 56:  f(p) =  1.050e-07  
Iteration 57:  f(p) =  1.050e-07  
Iteration 58:  f(p) =  1.050e-07  
Iteration 59:  f(p) =  1.050e-07  
Iteration 60:  f(p) =  1.050e-07  
Iteration 61:  f(p) =  1.050e-07  
Iteration 62:  f(p) =  1.050e-07  
Iteration 63:  f(p) =  1.046e-07  
Iteration 64:  f(p) =  9.745e-08  
Iteration 65:  f(p) =  9.485e-08  
Iteration 66:  f(p) =  9.465e-08  
Iteration 67:  f(p) =  9.460e-08  
Iteration 68:  f(p) =  9.458e-08  
Iteration 69:  f(p) =  9.458e-08  
Iteration 70:  f(p) =  9.458e-08  
Iteration 71:  f(p) =  9.458e-08  
Iteration 72:  f(p) =  9.458e-08  
Iteration 73:  f(p) =  9.458e-08  
Iteration 74:  f(p) =  9.445e-08  
Iteration 75:  f(p) =  9.306e-08  
Iteration 76:  f(p) =  8.943e-08  
Iteration 77:  f(p) =  8.924e-08  
Iteration 78:  f(p) =  8.908e-08  
Iteration 79:  f(p) =  8.901e-08  
Iteration 80:  f(p) =  8.900e-08  
convergence not achieved

Propensity score model coefficients                Number of obs  =        400
Generalization of IPW/CPBS-type reweigting
Loss = CBPS + 20*abs(wgt_cv()-.4173115689983)^6)
------------------------------------------------------------------------------
           a |      Coef.
-------------+----------------------------------------------------------------
          w1 |      0.359
          w2 |     -0.194
          w3 |      0.516
          w4 |     -0.174
          w5 |      0.029
          w6 |      0.121
          w7 |     -0.034
          w8 |      0.044
          w9 |     -0.058
         w10 |     -0.059
       _cons |     -0.702
------------------------------------------------------------------------------

New variables (unweighted summary statistics)

Summary for variables: _weight _weight_mtch _pscore
     by categories of: _treated 

_treated |         N      mean        sd       min        p1       p10       p25       p50       p75       p90       p99       max
---------+------------------------------------------------------------------------------------------------------------------------
       0 |       196         1      .433      .357      .407      .547        .7      .906      1.22      1.56      2.71      2.79
         |       196         1      .433      .357      .407      .547        .7      .906      1.22      1.56      2.71      2.79
         |       196      .414     .0951      .213      .236      .293      .346      .407      .481      .542      .672      .679
---------+------------------------------------------------------------------------------------------------------------------------
       1 |       204         1         0         1         1         1         1         1         1         1         1         1
         |       204         1         0         1         1         1         1         1         1         1         1         1
         |       204      .485     .0944      .261      .262      .364      .423      .486      .558      .611      .654      .698
---------+------------------------------------------------------------------------------------------------------------------------
   Total |       400         1      .303      .357      .438      .652      .914         1         1      1.29      2.25      2.79
         |       400         1      .303      .357      .438      .652      .914         1         1      1.29      2.25      2.79
         |       400       .45      .101      .213      .249      .313      .373      .446      .521       .59      .655      .698
----------------------------------------------------------------------------------------------------------------------------------
(sum of wgt is 400)
------------------------------------------------------------------------------
             |               Robust
           y |      Coef.   Std. Err.      t    P>|t|     [95% Conf. Interval]
-------------+----------------------------------------------------------------
           a |
  Treatment  |     -0.062      0.080   -0.777   0.438       -0.220       0.095
       _cons |     -3.770      0.062  -60.604   0.000       -3.892      -3.647
------------------------------------------------------------------------------
  20.17 percent power to detect an effect of -.09, assuming a standard error of .0800392 and a 2-sided test and alpha = .05

 ( 1)  1.a = 0

------------------------------------------------------------------------------
           y |      Coef.   Std. Err.      t    P>|t|     [95% Conf. Interval]
-------------+----------------------------------------------------------------
         (1) |  -.0621555   .0800392    -0.78   0.438    -.2195079     .095197
------------------------------------------------------------------------------
  Balance:
-------------------------------------------------------------------------------
             |    mean_T     mean_C       diff   std_diff    sd_pool  var_ratio
-------------+-----------------------------------------------------------------
          w1 |  .6078431   .5021258   .1057174   .2125094   .4974716    .953305
          w2 | -.1487426  -.0554248  -.0933178  -.0874216   1.067445    .799423
          w3 |  .5833333   .4679726   .1153607   .2307648   .4999062   .9760314
          w4 | -.1767648   .0300546  -.2068194   -.202298    1.02235   .4977826
          w5 |  .4705882   .5195254  -.0489371  -.0977576   .5005966   .9978611
          w6 |  .4313725   .5219004  -.0905278  -.1810426   .5000361   .9828494
          w7 |  .1972432  -.1639892   .3612323   .3554117   1.016377   2.703315
          w8 |   .504902   .5023308   .0025712    .005136   .5006129   .9997246
          w9 |  .4362745   .4662901  -.0300156  -.0602462   .4982146   .9880496
         w10 | -.0495533  -.0413068  -.0082465  -.0081917   1.006692    1.04749
-------------------------------------------------------------------------------
  
  Mean standardized diff., squared
  .0002784362
  Mean absolute standardized diff.
  .1440779686
  Maximum absolute standardized diff.
  .3554117136
  C.V. of matching weights:
  .3029970778
  S.D. of matching weights:
  .3029970778
  Skewness of matching weights:
  .0963237879
  Kurtosis of matching weights:
  .0269677259
  Maximum matching weight:
  2.793442326
(obs 400)
(0 observations deleted)



--------------------
K_2
--------------------
Scenario: K
Impact:   -.09
N:        400
--------------------




K_2 with estimator: cbps 



  191 control obs
  209 treatment obs
  (Data are unweighted.)
  Step 1 skipped (initial values provided by user):
  
  Step 2 (CBPS) :
Iteration 0:   f(p) =  5.380e-07  
Iteration 1:   f(p) =  4.173e-07  
Iteration 2:   f(p) =  3.049e-07  
Iteration 3:   f(p) =  2.629e-07  
Iteration 4:   f(p) =  1.447e-07  
Iteration 5:   f(p) =  7.777e-08  
Iteration 6:   f(p) =  3.935e-08  
Iteration 7:   f(p) =  2.772e-08  
Iteration 8:   f(p) =  2.391e-08  
Iteration 9:   f(p) =  2.072e-08  
Iteration 10:  f(p) =  1.636e-08  
Iteration 11:  f(p) =  1.252e-08  
Iteration 12:  f(p) =  9.935e-09  
Iteration 13:  f(p) =  7.181e-09  
Iteration 14:  f(p) =  5.781e-09  
Iteration 15:  f(p) =  3.464e-09  
Iteration 16:  f(p) =  2.731e-09  
Iteration 17:  f(p) =  2.430e-09  
Iteration 18:  f(p) =  1.885e-09  
Iteration 19:  f(p) =  4.912e-10  
Iteration 20:  f(p) =  1.467e-10  
Iteration 21:  f(p) =  1.313e-10  
Iteration 22:  f(p) =  9.730e-11  
Iteration 23:  f(p) =  5.071e-11  
Iteration 24:  f(p) =  4.056e-11  
Iteration 25:  f(p) =  3.589e-11  
Iteration 26:  f(p) =  1.285e-11  
Iteration 27:  f(p) =  3.735e-12  
Iteration 28:  f(p) =  3.479e-12  
Iteration 29:  f(p) =  4.209e-13  
Iteration 30:  f(p) =  1.960e-15  
Iteration 31:  f(p) =  2.204e-18  

Propensity score model coefficients                Number of obs  =        400
Generalization of IPW/CPBS-type reweigting
Loss = CBPS
------------------------------------------------------------------------------
           a |      Coef.
-------------+----------------------------------------------------------------
          w1 |      1.028
          w2 |     -0.168
          w3 |      0.510
          w4 |     -0.497
          w5 |     -1.540
          w6 |     -0.699
          w7 |      0.786
          w8 |      0.154
          w9 |      0.152
         w10 |      0.289
       _cons |      0.263
------------------------------------------------------------------------------

New variables (unweighted summary statistics)

Summary for variables: _weight _weight_mtch _pscore
     by categories of: _treated 

_treated |         N      mean        sd       min        p1       p10       p25       p50       p75       p90       p99       max
---------+------------------------------------------------------------------------------------------------------------------------
       0 |       191         1      1.26     .0258     .0314      .135      .255      .571      1.24      2.21      7.67      9.66
         |       191         1      1.26     .0258     .0314      .135      .255      .571      1.24      2.21      7.67      9.66
         |       191      .404      .221     .0275     .0333      .129      .218      .385      .577      .708      .893      .914
---------+------------------------------------------------------------------------------------------------------------------------
       1 |       209         1         0         1         1         1         1         1         1         1         1         1
         |       209         1         0         1         1         1         1         1         1         1         1         1
         |       209       .62      .254    .00769     .0773        .2       .42      .679      .836      .915      .963      .982
---------+------------------------------------------------------------------------------------------------------------------------
   Total |       400         1      .872     .0258     .0537      .204      .667         1         1      1.42      4.34      9.66
         |       400         1      .872     .0258     .0537      .204      .667         1         1      1.42      4.34      9.66
         |       400      .517      .262    .00769     .0538      .149      .295      .528      .751      .856      .959      .982
----------------------------------------------------------------------------------------------------------------------------------
(sum of wgt is 400)
------------------------------------------------------------------------------
             |               Robust
           y |      Coef.   Std. Err.      t    P>|t|     [95% Conf. Interval]
-------------+----------------------------------------------------------------
           a |
  Treatment  |     -0.090      0.109   -0.823   0.411       -0.305       0.125
       _cons |     -3.691      0.099  -37.191   0.000       -3.886      -3.496
------------------------------------------------------------------------------
  12.78 percent power to detect an effect of -.09, assuming a standard error of .1093379 and a 2-sided test and alpha = .05

 ( 1)  1.a = 0

------------------------------------------------------------------------------
           y |      Coef.   Std. Err.      t    P>|t|     [95% Conf. Interval]
-------------+----------------------------------------------------------------
         (1) |  -.0899996   .1093379    -0.82   0.411    -.3049515    .1249524
------------------------------------------------------------------------------
  Balance:
-------------------------------------------------------------------------------
             |    mean_T     mean_C       diff   std_diff    sd_pool  var_ratio
-------------+-----------------------------------------------------------------
          w1 |   .569378    .569378  -5.24e-08  -1.06e-07   .4957834   .9995469
          w2 | -.1463592  -.1463591  -7.86e-08  -7.42e-08   1.059731   .6132016
          w3 |  .5454545   .5454546  -4.12e-08  -8.26e-08   .4985532   .9995469
          w4 |  -.129212  -.1292115  -4.84e-07  -4.80e-07   1.008903   .6308311
          w5 |  .3827751    .382775   9.67e-08   1.99e-07   .4866728    .999547
          w6 |  .4019139   .4019141  -2.33e-07  -4.75e-07   .4908988   .9995467
          w7 |  .1234539    .123453   9.48e-07   1.00e-06   .9450764   3.621576
          w8 |  .5023923    .502392   3.42e-07   6.83e-07   .5006204   .9995469
          w9 |  .4354067   .4354069  -2.37e-07  -4.77e-07   .4964311   .9995468
         w10 |  .1316129    .131613  -7.06e-08  -7.31e-08   .9652559    .859113
-------------------------------------------------------------------------------
  
  Mean standardized diff., squared
  1.39154e-16
  Mean absolute standardized diff.
  3.65215e-07
  Maximum absolute standardized diff.
  1.00330e-06
  C.V. of matching weights:
  .8719077619
  S.D. of matching weights:
  .8719077619
  Skewness of matching weights:
  .238846399
  Kurtosis of matching weights:
  .0953847815
  Maximum matching weight:
  9.660333161
_cvcbps:        .8719077619138328


K_2 with estimator: cbps99 
CV target: cvtarget(20  0.8632 6)



  191 control obs
  209 treatment obs
  (Data are unweighted.)
  Step 1 skipped (initial values provided by user):
  
  Step 2 (CBPS) :
Iteration 0:   f(p) =  .08232104  
Iteration 1:   f(p) =   .0007032  
Iteration 2:   f(p) =  9.809e-08  
Iteration 3:   f(p) =  8.666e-08  
Iteration 4:   f(p) =  8.575e-08  
Iteration 5:   f(p) =  8.560e-08  
Iteration 6:   f(p) =  8.557e-08  
Iteration 7:   f(p) =  4.912e-08  
Iteration 8:   f(p) =  4.854e-08  
Iteration 9:   f(p) =  4.820e-08  
Iteration 10:  f(p) =  4.802e-08  
Iteration 11:  f(p) =  4.505e-08  
Iteration 12:  f(p) =  4.502e-08  
Iteration 13:  f(p) =  4.501e-08  
Iteration 14:  f(p) =  4.501e-08  
Iteration 15:  f(p) =  4.501e-08  
Iteration 16:  f(p) =  4.491e-08  
Iteration 17:  f(p) =  4.271e-08  
Iteration 18:  f(p) =  3.039e-08  
Iteration 19:  f(p) =  2.871e-08  
Iteration 20:  f(p) =  2.818e-08  
Iteration 21:  f(p) =  2.809e-08  
Iteration 22:  f(p) =  2.808e-08  
Iteration 23:  f(p) =  2.808e-08  
Iteration 24:  f(p) =  2.808e-08  
Iteration 25:  f(p) =  2.808e-08  
Iteration 26:  f(p) =  2.808e-08  
Iteration 27:  f(p) =  2.804e-08  
Iteration 28:  f(p) =  2.752e-08  
Iteration 29:  f(p) =  2.473e-08  
Iteration 30:  f(p) =  2.302e-08  
Iteration 31:  f(p) =  2.275e-08  
Iteration 32:  f(p) =  2.273e-08  
Iteration 33:  f(p) =  2.273e-08  
Iteration 34:  f(p) =  2.273e-08  
Iteration 35:  f(p) =  2.273e-08  
Iteration 36:  f(p) =  2.273e-08  
Iteration 37:  f(p) =  2.270e-08  
Iteration 38:  f(p) =  2.220e-08  
Iteration 39:  f(p) =  2.027e-08  
Iteration 40:  f(p) =  1.927e-08  
Iteration 41:  f(p) =  1.900e-08  
Iteration 42:  f(p) =  1.898e-08  
Iteration 43:  f(p) =  1.897e-08  
Iteration 44:  f(p) =  1.897e-08  
Iteration 45:  f(p) =  1.897e-08  
Iteration 46:  f(p) =  1.897e-08  
Iteration 47:  f(p) =  1.894e-08  
Iteration 48:  f(p) =  1.808e-08  
Iteration 49:  f(p) =  1.624e-08  
Iteration 50:  f(p) =  1.600e-08  
Iteration 51:  f(p) =  1.599e-08  
Iteration 52:  f(p) =  1.599e-08  
Iteration 53:  f(p) =  1.599e-08  
Iteration 54:  f(p) =  1.599e-08  
Iteration 55:  f(p) =  1.599e-08  
Iteration 56:  f(p) =  1.599e-08  
Iteration 57:  f(p) =  1.599e-08  
Iteration 58:  f(p) =  1.595e-08  
Iteration 59:  f(p) =  1.564e-08  
Iteration 60:  f(p) =  1.557e-08  
Iteration 61:  f(p) =  1.557e-08  
Iteration 62:  f(p) =  1.557e-08  
Iteration 63:  f(p) =  1.557e-08  
Iteration 64:  f(p) =  1.557e-08  
Iteration 65:  f(p) =  1.557e-08  
Iteration 66:  f(p) =  1.555e-08  
Iteration 67:  f(p) =  1.550e-08  
Iteration 68:  f(p) =  1.549e-08  
Iteration 69:  f(p) =  1.549e-08  
Iteration 70:  f(p) =  1.549e-08  
Iteration 71:  f(p) =  1.549e-08  
Iteration 72:  f(p) =  1.549e-08  
Iteration 73:  f(p) =  1.548e-08  
Iteration 74:  f(p) =  1.547e-08  
Iteration 75:  f(p) =  1.546e-08  
Iteration 76:  f(p) =  1.546e-08  
Iteration 77:  f(p) =  1.546e-08  
Iteration 78:  f(p) =  1.546e-08  
Iteration 79:  f(p) =  1.546e-08  
Iteration 80:  f(p) =  1.546e-08  
convergence not achieved

Propensity score model coefficients                Number of obs  =        400
Generalization of IPW/CPBS-type reweigting
Loss = CBPS + 20*abs(wgt_cv()-.8631886842947)^6)
------------------------------------------------------------------------------
           a |      Coef.
-------------+----------------------------------------------------------------
          w1 |      0.710
          w2 |     -0.155
          w3 |      0.446
          w4 |     -0.391
          w5 |     -1.100
          w6 |     -0.534
          w7 |      0.352
          w8 |      0.073
          w9 |      0.206
         w10 |      0.184
       _cons |      0.173
------------------------------------------------------------------------------

New variables (unweighted summary statistics)

Summary for variables: _weight _weight_mtch _pscore
     by categories of: _treated 

_treated |         N      mean        sd       min        p1       p10       p25       p50       p75       p90       p99       max
---------+------------------------------------------------------------------------------------------------------------------------
       0 |       191         1      .878     .0886     .0992      .262      .433      .743      1.29       2.1      5.42      6.08
         |       191         1      .878     .0886     .0992      .262      .433      .743      1.29       2.1      5.42      6.08
         |       191      .426      .173      .079     .0876      .203      .295      .418      .555       .67       .84      .855
---------+------------------------------------------------------------------------------------------------------------------------
       1 |       209         1         0         1         1         1         1         1         1         1         1         1
         |       209         1         0         1         1         1         1         1         1         1         1         1
         |       209      .599      .181     .0494      .204      .319       .48      .635      .742      .812      .888      .933
---------+------------------------------------------------------------------------------------------------------------------------
   Total |       400         1      .606     .0886      .158      .405      .775         1         1      1.44      3.56      6.08
         |       400         1      .606     .0886      .158      .405      .775         1         1      1.44      3.56      6.08
         |       400      .517      .197     .0494      .115      .243      .363      .525       .67      .777      .884      .933
----------------------------------------------------------------------------------------------------------------------------------
(sum of wgt is 400)
------------------------------------------------------------------------------
             |               Robust
           y |      Coef.   Std. Err.      t    P>|t|     [95% Conf. Interval]
-------------+----------------------------------------------------------------
           a |
  Treatment  |     -0.036      0.091   -0.398   0.691       -0.215       0.143
       _cons |     -3.744      0.079  -47.684   0.000       -3.899      -3.590
------------------------------------------------------------------------------
  16.59 percent power to detect an effect of -.09, assuming a standard error of .0909606 and a 2-sided test and alpha = .05

 ( 1)  1.a = 0

------------------------------------------------------------------------------
           y |      Coef.   Std. Err.      t    P>|t|     [95% Conf. Interval]
-------------+----------------------------------------------------------------
         (1) |   -.036233   .0909606    -0.40   0.691    -.2150563    .1425904
------------------------------------------------------------------------------
  Balance:
-------------------------------------------------------------------------------
             |    mean_T     mean_C       diff   std_diff    sd_pool  var_ratio
-------------+-----------------------------------------------------------------
          w1 |   .569378   .5347375   .0346405    .069584   .4978231   .9850571
          w2 | -.1463592  -.0952507  -.0511085  -.0482312   1.059656    .613944
          w3 |  .5454545   .5237973   .0216572   .0433673   .4993902   .9935368
          w4 |  -.129212   -.044511  -.0847009  -.0849181   .9974426   .6579173
          w5 |  .3827751   .4319145  -.0491394  -.0999285   .4917453   .9624514
          w6 |  .4019139   .4347958  -.0328819  -.0665917   .4937836   .9777081
          w7 |  .1234539   .0119677   .1114862   .1164281   .9575545   3.248968
          w8 |  .5023923   .4884909   .0139014   .0277691   .5006081   1.000054
          w9 |  .4354067     .46916  -.0337533  -.0677414   .4982677   .9866188
         w10 |  .1316129   .1025274   .0290855   .0299525   .9710552   .8398415
-------------------------------------------------------------------------------
  
  Mean standardized diff., squared
  .0000644969
  Mean absolute standardized diff.
  .0654511889
  Maximum absolute standardized diff.
  .1164280709
  C.V. of matching weights:
  .6058357916
  S.D. of matching weights:
  .6058357916
  Skewness of matching weights:
  .1779269936
  Kurtosis of matching weights:
  .0614638333
  Maximum matching weight:
  6.077095607


K_2 with estimator: cbps85 
CV target: cvtarget(20  0.7411 6)



  191 control obs
  209 treatment obs
  (Data are unweighted.)
  Step 1 skipped (initial values provided by user):
  
  Step 2 (CBPS) :
Iteration 0:   f(p) =  .40645553  
Iteration 1:   f(p) =  .01368638  
Iteration 2:   f(p) =  1.694e-07  
Iteration 3:   f(p) =  6.706e-08  
Iteration 4:   f(p) =  6.695e-08  
Iteration 5:   f(p) =  6.695e-08  
Iteration 6:   f(p) =  6.694e-08  
Iteration 7:   f(p) =  6.683e-08  
Iteration 8:   f(p) =  6.567e-08  
Iteration 9:   f(p) =  4.831e-08  
Iteration 10:  f(p) =  4.767e-08  
Iteration 11:  f(p) =  4.766e-08  
Iteration 12:  f(p) =  4.766e-08  
Iteration 13:  f(p) =  4.766e-08  
Iteration 14:  f(p) =  4.765e-08  
Iteration 15:  f(p) =  4.762e-08  
Iteration 16:  f(p) =  4.683e-08  
Iteration 17:  f(p) =  4.379e-08  
Iteration 18:  f(p) =  4.062e-08  
Iteration 19:  f(p) =  3.987e-08  
Iteration 20:  f(p) =  3.981e-08  
Iteration 21:  f(p) =  3.969e-08  
Iteration 22:  f(p) =  3.969e-08  
Iteration 23:  f(p) =  3.969e-08  
Iteration 24:  f(p) =  3.969e-08  
Iteration 25:  f(p) =  3.969e-08  
Iteration 26:  f(p) =  3.966e-08  
Iteration 27:  f(p) =  3.824e-08  
Iteration 28:  f(p) =  3.434e-08  
Iteration 29:  f(p) =  3.358e-08  
Iteration 30:  f(p) =  3.356e-08  
Iteration 31:  f(p) =  3.356e-08  
Iteration 32:  f(p) =  3.356e-08  
Iteration 33:  f(p) =  3.356e-08  
Iteration 34:  f(p) =  3.356e-08  
Iteration 35:  f(p) =  3.353e-08  
Iteration 36:  f(p) =  3.171e-08  
Iteration 37:  f(p) =  2.802e-08  
Iteration 38:  f(p) =  2.795e-08  
Iteration 39:  f(p) =  2.792e-08  
Iteration 40:  f(p) =  2.792e-08  
Iteration 41:  f(p) =  2.792e-08  
Iteration 42:  f(p) =  2.792e-08  
Iteration 43:  f(p) =  2.792e-08  
Iteration 44:  f(p) =  2.792e-08  
Iteration 45:  f(p) =  2.792e-08  
Iteration 46:  f(p) =  2.791e-08  
Iteration 47:  f(p) =  2.785e-08  
Iteration 48:  f(p) =  2.765e-08  
Iteration 49:  f(p) =  2.760e-08  
Iteration 50:  f(p) =  2.760e-08  
Iteration 51:  f(p) =  2.760e-08  
Iteration 52:  f(p) =  2.760e-08  
Iteration 53:  f(p) =  2.760e-08  
Iteration 54:  f(p) =  2.760e-08  
Iteration 55:  f(p) =  2.760e-08  
Iteration 56:  f(p) =  2.756e-08  
Iteration 57:  f(p) =  2.749e-08  
Iteration 58:  f(p) =  2.747e-08  
Iteration 59:  f(p) =  2.747e-08  
Iteration 60:  f(p) =  2.747e-08  
Iteration 61:  f(p) =  2.747e-08  
Iteration 62:  f(p) =  2.747e-08  
Iteration 63:  f(p) =  2.747e-08  
Iteration 64:  f(p) =  2.747e-08  
Iteration 65:  f(p) =  2.746e-08  
Iteration 66:  f(p) =  2.738e-08  
Iteration 67:  f(p) =  2.735e-08  
Iteration 68:  f(p) =  2.735e-08  
Iteration 69:  f(p) =  2.735e-08  
Iteration 70:  f(p) =  2.735e-08  
Iteration 71:  f(p) =  2.735e-08  
Iteration 72:  f(p) =  2.735e-08  
Iteration 73:  f(p) =  2.735e-08  
Iteration 74:  f(p) =  2.734e-08  
Iteration 75:  f(p) =  2.733e-08  
Iteration 76:  f(p) =  2.733e-08  
Iteration 77:  f(p) =  2.733e-08  
Iteration 78:  f(p) =  2.733e-08  
Iteration 79:  f(p) =  2.733e-08  
Iteration 80:  f(p) =  2.733e-08  
convergence not achieved

Propensity score model coefficients                Number of obs  =        400
Generalization of IPW/CPBS-type reweigting
Loss = CBPS + 20*abs(wgt_cv()-.7411215976268)^6)
------------------------------------------------------------------------------
           a |      Coef.
-------------+----------------------------------------------------------------
          w1 |      0.611
          w2 |     -0.147
          w3 |      0.408
          w4 |     -0.354
          w5 |     -0.956
          w6 |     -0.473
          w7 |      0.228
          w8 |      0.048
          w9 |      0.221
         w10 |      0.152
       _cons |      0.116
------------------------------------------------------------------------------

New variables (unweighted summary statistics)

Summary for variables: _weight _weight_mtch _pscore
     by categories of: _treated 

_treated |         N      mean        sd       min        p1       p10       p25       p50       p75       p90       p99       max
---------+------------------------------------------------------------------------------------------------------------------------
       0 |       191         1      .757       .13      .142      .326      .505      .791      1.28      1.93      4.67      5.02
         |       191         1      .757       .13      .142      .326      .505      .791      1.28      1.93      4.67      5.02
         |       191      .429      .154      .107      .116      .232      .318      .422      .542       .64      .812      .823
---------+------------------------------------------------------------------------------------------------------------------------
       1 |       209         1         0         1         1         1         1         1         1         1         1         1
         |       209         1         0         1         1         1         1         1         1         1         1         1
         |       209      .583      .156     .0836      .242      .351       .47      .597      .704      .773      .847      .898
---------+------------------------------------------------------------------------------------------------------------------------
   Total |       400         1      .522       .13      .214      .473      .811         1         1      1.39      3.29      5.02
         |       400         1      .522       .13      .214      .473      .811         1         1      1.39      3.29      5.02
         |       400       .51      .173     .0836      .143      .273      .371      .517      .642      .738      .841      .898
----------------------------------------------------------------------------------------------------------------------------------
(sum of wgt is 400)
------------------------------------------------------------------------------
             |               Robust
           y |      Coef.   Std. Err.      t    P>|t|     [95% Conf. Interval]
-------------+----------------------------------------------------------------
           a |
  Treatment  |     -0.016      0.086   -0.186   0.853       -0.186       0.154
       _cons |     -3.765      0.073  -51.454   0.000       -3.908      -3.621
------------------------------------------------------------------------------
  17.93 percent power to detect an effect of -.09, assuming a standard error of .0863734 and a 2-sided test and alpha = .05

 ( 1)  1.a = 0

------------------------------------------------------------------------------
           y |      Coef.   Std. Err.      t    P>|t|     [95% Conf. Interval]
-------------+----------------------------------------------------------------
         (1) |  -.0160543   .0863734    -0.19   0.853    -.1858595    .1537509
------------------------------------------------------------------------------
  Balance:
-------------------------------------------------------------------------------
             |    mean_T     mean_C       diff   std_diff    sd_pool  var_ratio
-------------+-----------------------------------------------------------------
          w1 |   .569378    .522321   .0470569   .0944126   .4984182     .98226
          w2 | -.1463592  -.0706728  -.0756864  -.0713755   1.060397     .61322
          w3 |  .5454545   .5133032   .0321514    .064339   .4997181   .9919884
          w4 |  -.129212  -.0111838  -.1180282  -.1187813   .9936599   .6685973
          w5 |  .3827751     .45137  -.0685949  -.1390165   .4934302   .9536259
          w6 |  .4019139   .4499327  -.0480188  -.0970198   .4949382   .9708151
          w7 |  .1234539  -.0236278   .1470817    .152869   .9621425   3.146881
          w8 |  .5023923   .4844046   .0179878   .0359333   .5005877   1.000497
          w9 |  .4354067   .4829978  -.0475911  -.0953982   .4988679   .9840031
         w10 |  .1316129   .0907178   .0408951   .0419662   .9744785   .8289497
-------------------------------------------------------------------------------
  
  Mean standardized diff., squared
  .000174428
  Mean absolute standardized diff.
  .0911111241
  Maximum absolute standardized diff.
  .1528689531
  C.V. of matching weights:
  .5221771407
  S.D. of matching weights:
  .5221771407
  Skewness of matching weights:
  .1553333496
  Kurtosis of matching weights:
  .0504978043
  Maximum matching weight:
  5.024652112


K_2 with estimator: cbps50 
CV target: cvtarget(20  0.4360 6)



  191 control obs
  209 treatment obs
  (Data are unweighted.)
  Step 1 skipped (initial values provided by user):
  
  Step 2 (CBPS) :
Iteration 0:   f(p) =  6.4243402  
Iteration 1:   f(p) =  1.3969579  (backed up)
Iteration 2:   f(p) =  .00005924  
Iteration 3:   f(p) =  2.258e-07  
Iteration 4:   f(p) =  2.074e-07  
Iteration 5:   f(p) =  2.069e-07  
Iteration 6:   f(p) =  2.069e-07  
Iteration 7:   f(p) =  2.069e-07  
Iteration 8:   f(p) =  2.062e-07  
Iteration 9:   f(p) =  1.735e-07  
Iteration 10:  f(p) =  1.077e-07  
Iteration 11:  f(p) =  1.074e-07  
Iteration 12:  f(p) =  1.074e-07  
Iteration 13:  f(p) =  1.074e-07  
Iteration 14:  f(p) =  1.074e-07  
Iteration 15:  f(p) =  1.074e-07  
Iteration 16:  f(p) =  1.074e-07  
Iteration 17:  f(p) =  1.010e-07  
Iteration 18:  f(p) =  9.626e-08  
Iteration 19:  f(p) =  9.603e-08  
Iteration 20:  f(p) =  9.544e-08  
Iteration 21:  f(p) =  9.543e-08  
Iteration 22:  f(p) =  9.542e-08  
Iteration 23:  f(p) =  9.542e-08  
Iteration 24:  f(p) =  9.542e-08  
Iteration 25:  f(p) =  9.542e-08  
Iteration 26:  f(p) =  9.052e-08  
Iteration 27:  f(p) =  8.704e-08  
Iteration 28:  f(p) =  8.653e-08  
Iteration 29:  f(p) =  8.616e-08  
Iteration 30:  f(p) =  8.607e-08  
Iteration 31:  f(p) =  8.607e-08  
Iteration 32:  f(p) =  8.607e-08  
Iteration 33:  f(p) =  8.607e-08  
Iteration 34:  f(p) =  8.607e-08  
Iteration 35:  f(p) =  8.606e-08  
Iteration 36:  f(p) =  8.592e-08  
Iteration 37:  f(p) =  8.342e-08  
Iteration 38:  f(p) =  8.256e-08  
Iteration 39:  f(p) =  8.253e-08  
Iteration 40:  f(p) =  8.253e-08  
Iteration 41:  f(p) =  8.253e-08  
Iteration 42:  f(p) =  8.253e-08  
Iteration 43:  f(p) =  8.253e-08  
Iteration 44:  f(p) =  8.253e-08  
Iteration 45:  f(p) =  8.253e-08  
Iteration 46:  f(p) =  8.252e-08  
Iteration 47:  f(p) =  8.241e-08  
Iteration 48:  f(p) =  8.138e-08  
Iteration 49:  f(p) =  7.818e-08  
Iteration 50:  f(p) =  7.817e-08  
Iteration 51:  f(p) =  7.751e-08  
Iteration 52:  f(p) =  7.730e-08  
Iteration 53:  f(p) =  7.724e-08  
Iteration 54:  f(p) =  7.724e-08  
Iteration 55:  f(p) =  7.724e-08  
Iteration 56:  f(p) =  7.724e-08  
Iteration 57:  f(p) =  7.724e-08  
Iteration 58:  f(p) =  7.724e-08  
Iteration 59:  f(p) =  7.723e-08  
Iteration 60:  f(p) =  7.655e-08  
Iteration 61:  f(p) =  7.538e-08  
Iteration 62:  f(p) =  7.510e-08  
Iteration 63:  f(p) =  7.507e-08  
Iteration 64:  f(p) =  7.506e-08  
Iteration 65:  f(p) =  7.506e-08  
Iteration 66:  f(p) =  7.506e-08  
Iteration 67:  f(p) =  7.506e-08  
Iteration 68:  f(p) =  7.506e-08  
Iteration 69:  f(p) =  7.506e-08  
Iteration 70:  f(p) =  7.498e-08  
Iteration 71:  f(p) =  7.455e-08  
Iteration 72:  f(p) =  7.444e-08  
Iteration 73:  f(p) =  7.443e-08  
Iteration 74:  f(p) =  7.443e-08  
Iteration 75:  f(p) =  7.443e-08  
Iteration 76:  f(p) =  7.443e-08  
Iteration 77:  f(p) =  7.443e-08  
Iteration 78:  f(p) =  7.443e-08  
Iteration 79:  f(p) =  7.443e-08  
Iteration 80:  f(p) =  7.442e-08  
convergence not achieved

Propensity score model coefficients                Number of obs  =        400
Generalization of IPW/CPBS-type reweigting
Loss = CBPS + 20*abs(wgt_cv()-.4359538809569)^6)
------------------------------------------------------------------------------
           a |      Coef.
-------------+----------------------------------------------------------------
          w1 |      0.345
          w2 |     -0.115
          w3 |      0.258
          w4 |     -0.261
          w5 |     -0.565
          w6 |     -0.282
          w7 |     -0.008
          w8 |     -0.014
          w9 |      0.245
         w10 |      0.075
       _cons |     -0.084
------------------------------------------------------------------------------

New variables (unweighted summary statistics)

Summary for variables: _weight _weight_mtch _pscore
     by categories of: _treated 

_treated |         N      mean        sd       min        p1       p10       p25       p50       p75       p90       p99       max
---------+------------------------------------------------------------------------------------------------------------------------
       0 |       191         1      .454      .308      .309      .525      .684      .897      1.22      1.58      2.75      2.82
         |       191         1      .454      .308      .309      .525      .684      .897      1.22      1.58      2.75      2.82
         |       191      .426      .102      .199      .199      .297      .355       .42      .496       .56      .689      .695
---------+------------------------------------------------------------------------------------------------------------------------
       1 |       209         1         0         1         1         1         1         1         1         1         1         1
         |       209         1         0         1         1         1         1         1         1         1         1         1
         |       209       .52     .0964       .23      .308      .384      .457      .525      .585      .653      .698      .737
---------+------------------------------------------------------------------------------------------------------------------------
   Total |       400         1      .313      .308      .357      .661      .935         1         1      1.28      2.35      2.82
         |       400         1      .313      .308      .357      .661      .935         1         1      1.28      2.35      2.82
         |       400      .475       .11      .199      .223      .329      .393      .477      .556      .622      .692      .737
----------------------------------------------------------------------------------------------------------------------------------
(sum of wgt is 400)
------------------------------------------------------------------------------
             |               Robust
           y |      Coef.   Std. Err.      t    P>|t|     [95% Conf. Interval]
-------------+----------------------------------------------------------------
           a |
  Treatment  |      0.044      0.078    0.563   0.574       -0.110       0.198
       _cons |     -3.825      0.063  -60.489   0.000       -3.949      -3.700
------------------------------------------------------------------------------
  20.95 percent power to detect an effect of -.09, assuming a standard error of .078136 and a 2-sided test and alpha = .05

 ( 1)  1.a = 0

------------------------------------------------------------------------------
           y |      Coef.   Std. Err.      t    P>|t|     [95% Conf. Interval]
-------------+----------------------------------------------------------------
         (1) |   .0439563    .078136     0.56   0.574    -.1096545    .1975671
------------------------------------------------------------------------------
  Balance:
-------------------------------------------------------------------------------
             |    mean_T     mean_C       diff   std_diff    sd_pool  var_ratio
-------------+-----------------------------------------------------------------
          w1 |   .569378   .4822333   .0871447   .1743404   .4998536   .9815417
          w2 | -.1463592   .0194043  -.1657635  -.1560934   1.061951   .6151824
          w3 |  .5454545   .4771662   .0682883   .1364508   .5004609   .9933579
          w4 |  -.129212   .0762969  -.2055088     -.2087   .9847092   .6991012
          w5 |  .3827751   .5117949  -.1290198  -.2593262   .4975193   .9451311
          w6 |  .4019139   .5025423  -.1006284  -.2020192   .4981131   .9611057
          w7 |  .1234539  -.0906691    .214123   .2199441   .9735337   2.921234
          w8 |  .5023923   .4761226   .0262697   .0524846    .500523   1.001809
          w9 |  .4354067   .5215218  -.0861151  -.1722047   .5000742   .9846897
         w10 |  .1316129   .0474846   .0841283   .0853087   .9861626    .794531
-------------------------------------------------------------------------------
  
  Mean standardized diff., squared
  .0010877783
  Mean absolute standardized diff.
  .1666872225
  Maximum absolute standardized diff.
  .2593261662
  C.V. of matching weights:
  .3131487244
  S.D. of matching weights:
  .3131487244
  Skewness of matching weights:
  .0930753842
  Kurtosis of matching weights:
  .0272076362
  Maximum matching weight:
  2.820865018
-------------------------------------------------------------------------------
              |      Coef.
--------------+----------------------------------------------------------------
G_1           |
            N |    400.000
           Nt |    204.000
         true |     -0.090
--------------+----------------------------------------------------------------
G_1_cbps      |
   impact_est |     -0.090
     sd_error |      0.091
         bias |      0.000
    error_sqr |      0.000
power_zstat_0 |      0.167
          p_0 |      0.322
     reject_0 |      0.000
      covered |      1.000
  bal_max_asd |      0.000
 bal_mean_asd |      0.000
       wgt_sd |      0.835
       wgt_cv |      0.835
 wgt_skewness |      0.215
 wgt_kurtosis |      0.078
      wgt_max |      8.592
--------------+----------------------------------------------------------------
G_1_cbps99    |
   impact_est |     -0.089
     sd_error |      0.084
         bias |      0.001
    error_sqr |      0.000
power_zstat_0 |      0.187
          p_0 |      0.288
     reject_0 |      0.000
      covered |      1.000
  bal_max_asd |      0.144
 bal_mean_asd |      0.050
       wgt_sd |      0.588
       wgt_cv |      0.588
 wgt_skewness |      0.173
 wgt_kurtosis |      0.061
      wgt_max |      6.144
--------------+----------------------------------------------------------------
G_1_cbps85    |
   impact_est |     -0.086
     sd_error |      0.082
         bias |      0.004
    error_sqr |      0.000
power_zstat_0 |      0.193
          p_0 |      0.300
     reject_0 |      0.000
      covered |      1.000
  bal_max_asd |      0.193
 bal_mean_asd |      0.071
       wgt_sd |      0.507
       wgt_cv |      0.507
 wgt_skewness |      0.153
 wgt_kurtosis |      0.052
      wgt_max |      5.244
--------------+----------------------------------------------------------------
G_1_cbps50    |
   impact_est |     -0.062
     sd_error |      0.080
         bias |      0.028
    error_sqr |      0.001
power_zstat_0 |      0.202
          p_0 |      0.438
     reject_0 |      0.000
      covered |      1.000
  bal_max_asd |      0.355
 bal_mean_asd |      0.144
       wgt_sd |      0.303
       wgt_cv |      0.303
 wgt_skewness |      0.096
 wgt_kurtosis |      0.027
      wgt_max |      2.793
--------------+----------------------------------------------------------------
K_2           |
            N |    400.000
           Nt |    209.000
         true |     -0.090
--------------+----------------------------------------------------------------
K_2_cbps      |
   impact_est |     -0.090
     sd_error |      0.109
         bias |      0.000
    error_sqr |      0.000
power_zstat_0 |      0.128
          p_0 |      0.411
     reject_0 |      0.000
      covered |      1.000
  bal_max_asd |      0.000
 bal_mean_asd |      0.000
       wgt_sd |      0.872
       wgt_cv |      0.872
 wgt_skewness |      0.239
 wgt_kurtosis |      0.095
      wgt_max |      9.660
--------------+----------------------------------------------------------------
K_2_cbps99    |
   impact_est |     -0.036
     sd_error |      0.091
         bias |      0.054
    error_sqr |      0.003
power_zstat_0 |      0.166
          p_0 |      0.691
     reject_0 |      0.000
      covered |      1.000
  bal_max_asd |      0.116
 bal_mean_asd |      0.065
       wgt_sd |      0.606
       wgt_cv |      0.606
 wgt_skewness |      0.178
 wgt_kurtosis |      0.061
      wgt_max |      6.077
--------------+----------------------------------------------------------------
K_2_cbps85    |
   impact_est |     -0.016
     sd_error |      0.086
         bias |      0.074
    error_sqr |      0.005
power_zstat_0 |      0.179
          p_0 |      0.853
     reject_0 |      0.000
      covered |      1.000
  bal_max_asd |      0.153
 bal_mean_asd |      0.091
       wgt_sd |      0.522
       wgt_cv |      0.522
 wgt_skewness |      0.155
 wgt_kurtosis |      0.050
      wgt_max |      5.025
--------------+----------------------------------------------------------------
K_2_cbps50    |
   impact_est |      0.044
     sd_error |      0.078
         bias |      0.134
    error_sqr |      0.018
power_zstat_0 |      0.210
          p_0 |      0.574
     reject_0 |      0.000
      covered |      1.000
  bal_max_asd |      0.259
 bal_mean_asd |      0.167
       wgt_sd |      0.313
       wgt_cv |      0.313
 wgt_skewness |      0.093
 wgt_kurtosis |      0.027
      wgt_max |      2.821
-------------------------------------------------------------------------------

. 
. parallel sim, expr(_b) reps(`reps') processors(4): ///
>   onerep G K, impact(-0.09) n(400) ///
>     estimators(cbps) cvtargets(99 85 50) `commonopts'
--------------------------------------------------------------------------------
Parallel Computing with Stata (by GVY)
Clusters   : 6
pll_id     : colmvh8151
Running at : U:\Stata\Ado\Devel\gmatch
Randtype   : datetime
Waiting for the clusters to finish...
cluster 0001 has exited without error...
cluster 0005 has exited without error...
cluster 0003 has exited without error...
cluster 0004 has exited without error...
cluster 0002 has exited without error...
cluster 0006 has exited without error...
--------------------------------------------------------------------------------
Enter -parallel printlog #- to checkout logfiles.
--------------------------------------------------------------------------------

. 
. sim_reshape

Before reshape:


Contains data from C:\Users\KKranker\AppData\Local\Temp\3/__pllcolmvh8151_sim_outdta.dta
  obs:           400                          simulate: onerep
 vars:           126                          29 Jan 2019 14:33
 size:       201,600                          
Sorted by: 
2 prefixes:
_prefixes:      G_1 K_2
4 estimators:
_ests:          cbps cbps85 cbps50 cbps99
(simulate: onerep)
(3,192 missing values generated)

After reshape:


Contains data from C:\Users\KKranker\AppData\Local\Temp\3\ST_3268_000001.tmp
  obs:         3,200                          simulate: onerep
 vars:            24                          29 Jan 2019 14:33
 size:       278,400                          
------------------------------------------------------------------------------------------------------------------------------------------------------------------------------------
              storage   display    value
variable name   type    format     label      variable label
------------------------------------------------------------------------------------------------------------------------------------------------------------------------------------
result          float   %19.0g     result     
dataset         byte    %10.0g                
dgp             long    %8.0g      dgp        
true            float   %7.4f                 
N               int     %7.0g                 
estimator       long    %8.0g      est        
rep             float   %9.0g                 
Nt              int     %7.0g                 
impact_est      float   %7.4f                 
sd_error        float   %7.4f                 
bias            float   %7.4f                 
error_sqr       float   %7.4f                 
power_zstat_0   float   %7.4f                 
p_0             float   %7.4f                 
reject_0        byte    %7.0g                 
covered         byte    %7.0g                 
bal_max_asd     float   %7.4f                 
bal_mean_asd    float   %7.4f                 
wgt_sd          float   %7.4f                 
wgt_cv          float   %7.4f                 
wgt_skewness    float   %7.4f                 
wgt_kurtosis    float   %7.4f                 
wgt_max         float   %7.1f                 
impact_est_var  double  %7.4f                 
------------------------------------------------------------------------------------------------------------------------------------------------------------------------------------
Sorted by: result  dataset  dgp  true  N  estimator  rep
     Note: Dataset has changed since last saved.

    Variable |        Obs        Mean    Std. Dev.       Min        Max
-------------+---------------------------------------------------------
      result |      3,200         4.5    2.291646          1          8
     dataset |      3,200         1.5    .5000781          1          2
         dgp |      3,200         7.5    .5000781          7          8
        true |      3,200        -.09           0       -.09       -.09
           N |      3,200         400           0        400        400
   estimator |      3,200          12    2.236417          9         15
         rep |      3,200       200.5    115.4877          1        400
          Nt |      3,200    213.1163    10.58337        187        247
  impact_est |      3,123   -.0478503    .0673935   -.381254   .4498539
    sd_error |      3,123    .0884727     .013188   .0671052    .217933
        bias |      3,123    .0421497    .0673935   -.291254   .5398539
   error_sqr |      3,123     .006317    .0183611   7.25e-23   .2914422
power_zsta~0 |      3,123    .1799318    .0329771   .0609325   .2680288
         p_0 |      3,123    .4716661    .2207206   4.36e-10   .9997863
    reject_0 |      3,123     .028178    .1655077          0          1
     covered |      3,123    .9365994    .2437211          0          1
 bal_max_asd |      3,123    .1936943    .1754765   1.57e-09   1.030524
bal_mean_asd |      3,123    .0919491     .081696   7.72e-10   .4824996
      wgt_sd |      3,123     .550206    .2270177   .1605073   1.451238
      wgt_cv |      3,123     .550206    .2270177   .1605073   1.451238
wgt_skewness |      3,123    .1571545    .0693742   .0357192   .6043506
wgt_kurtosis |      3,123    .0558388    .0426264   .0125926   .4957993
     wgt_max |      3,123    5.446337    2.783704   1.750215   21.52017
impact_est~r |          8    .0032737    .0026762   1.45e-14   .0077788

----------------
          | true
          |and N
dgp and   |  -0.0 
estimator |  400
----------+-----
G         |
     CBPS |  400
   CBPS85 |  400
   CBPS50 |  400
   CBPS99 |  400
----------+-----
K         |
     CBPS |  400
   CBPS85 |  400
   CBPS50 |  400
   CBPS99 |  400
----------------

. save sims/sim`sim'/Data_`subsection'.dta, replace
file sims/sim6/Data_A.dta saved

. 
. foreach v of var impact_est-wgt_max impact_est_var {
  2.   tabstat `v', by(result) s(N mean p50 sd) nototal
  3.   graph bar (mean) `v', over(estimator) asyvar over(dgp) title(`v') ytitle("") xsize(12) name(`v', replace)
  4.   graph export "sims/sim`sim'/Figure_`subsection'_`v'.png", replace
  5. }

Summary for variables: impact_est
     by categories of: result 

          result |         N      mean       p50        sd
-----------------+----------------------------------------
1 G -.09 400 CBP |       400      -.09      -.09  1.20e-07
1 G -.09 400 CBP |       397  -.041512 -.0487426   .061887
1 G -.09 400 CBP |       400  .0014317 -.0065203   .071159
1 G -.09 400 CBP |       329 -.0608738 -.0621688  .0420042
2 K -.09 400 CBP |       400      -.09      -.09  2.10e-07
2 K -.09 400 CBP |       397 -.0502078 -.0557831  .0696242
2 K -.09 400 CBP |       400  .0095364   .001773  .0881975
2 K -.09 400 CBP |       400 -.0634585  -.067655  .0539003
----------------------------------------------------------
